2025-04-30 00:33:43,882 - transform - INFO - Data transformation started.
2025-04-30 00:33:43,885 - transform - INFO - Data transformation finished successfully.
2025-04-30 00:37:48,434 - transform - INFO - Data transformation started.
2025-04-30 00:37:48,438 - transform - INFO - Data transformation finished successfully.
2025-04-30 00:39:01,498 - transform - INFO - Data transformation started.
2025-04-30 00:39:01,504 - transform - INFO - Data transformation finished successfully.
2025-04-30 00:40:22,112 - transform - INFO - Data transformation started.
2025-04-30 00:40:22,113 - transform - INFO - Data transformation finished successfully.
2025-04-30 00:40:42,729 - transform - INFO - Data transformation started.
2025-04-30 00:40:42,731 - transform - INFO - Data transformation finished successfully.
2025-04-30 00:43:31,414 - transform - INFO - Data transformation started.
2025-04-30 00:43:31,419 - transform - INFO - Data transformation finished successfully.
2025-04-30 00:43:43,590 - transform - INFO - Data transformation started.
2025-04-30 00:43:43,592 - transform - INFO - Data transformation finished successfully.
2025-04-30 00:55:22,837 - transform - INFO - Data transformation started.
2025-04-30 00:55:22,840 - transform - INFO - Data transformation finished successfully.
2025-04-30 00:55:46,846 - transform - INFO - Data transformation started.
2025-04-30 00:55:46,851 - transform - INFO - Data transformation finished successfully.
2025-04-30 00:56:36,277 - transform - INFO - Data transformation started.
2025-04-30 00:56:36,278 - transform - INFO - Data transformation finished successfully.
2025-04-30 01:02:13,949 - transform - INFO - Data transformation started.
2025-04-30 01:02:13,954 - transform - INFO - Data transformation finished successfully.
2025-04-30 01:05:30,899 - transform - INFO - Data transformation started.
2025-04-30 01:05:30,903 - transform - INFO - Data transformation finished successfully.
2025-04-30 01:06:24,946 - transform - INFO - Data transformation started.
2025-04-30 01:06:24,953 - transform - INFO - Data transformation finished successfully.
2025-04-30 01:13:40,002 - transform - INFO - Data transformation started.
2025-04-30 01:13:40,011 - transform - INFO - Data transformation finished successfully.
2025-04-30 01:14:25,299 - transform - INFO - Data transformation started.
2025-04-30 01:14:25,304 - transform - INFO - Data transformation finished successfully.
2025-04-30 01:14:45,183 - transform - INFO - Data transformation started.
2025-04-30 01:14:45,186 - transform - ERROR - Problem has occured during transformation: 'Series' object has no attribute 'lower'
Traceback (most recent call last):
  File "D:\Projects\pipelines\NewsAPI\transform.py", line 14, in transform_data
    df[col] = df[col].str.strip().lower()
  File "D:\Projects\pipelines\NewsAPI\.venv\lib\site-packages\pandas\core\generic.py", line 6299, in __getattr__
    return object.__getattribute__(self, name)
AttributeError: 'Series' object has no attribute 'lower'
2025-04-30 01:15:13,907 - transform - INFO - Data transformation started.
2025-04-30 01:15:13,912 - transform - INFO - Data transformation finished successfully.
2025-04-30 01:16:44,692 - transform - INFO - Data transformation started.
2025-04-30 01:16:44,698 - transform - INFO - Data transformation finished successfully.
2025-04-30 01:18:06,338 - transform - INFO - Data transformation started.
2025-04-30 01:18:06,344 - transform - INFO - Data transformation finished successfully.
2025-04-30 01:20:28,887 - transform - INFO - Data transformation started.
2025-04-30 01:20:28,894 - transform - INFO - Data transformation finished successfully.
2025-04-30 01:21:39,259 - transform - INFO - Data transformation started.
2025-04-30 01:21:39,267 - transform - ERROR - Problem has occured during transformation: Must specify a fill 'value' or 'method'.
Traceback (most recent call last):
  File "D:\Projects\pipelines\NewsAPI\transform.py", line 18, in transform_data
    df = df.fillna(value=None)
  File "D:\Projects\pipelines\NewsAPI\.venv\lib\site-packages\pandas\core\generic.py", line 7293, in fillna
    value, method = validate_fillna_kwargs(value, method)
  File "D:\Projects\pipelines\NewsAPI\.venv\lib\site-packages\pandas\util\_validators.py", line 293, in validate_fillna_kwargs
    raise ValueError("Must specify a fill 'value' or 'method'.")
ValueError: Must specify a fill 'value' or 'method'.
2025-04-30 01:23:30,803 - transform - INFO - Data transformation started.
2025-04-30 01:23:30,809 - transform - INFO - Data transformation finished successfully.
2025-04-30 01:24:09,952 - transform - INFO - Data transformation started.
2025-04-30 01:24:09,961 - transform - INFO - Data transformation finished successfully.
2025-04-30 01:27:11,230 - transform - INFO - Data transformation started.
2025-04-30 01:27:11,235 - transform - INFO - Data transformation finished successfully.
2025-04-30 01:28:55,219 - transform - INFO - Data transformation started.
2025-04-30 01:28:55,224 - transform - INFO - Data transformation finished successfully.
2025-04-30 01:54:28,450 - transform - INFO - Data transformation started.
2025-04-30 01:54:28,456 - transform - ERROR - Problem has occured during transformation: 'publisheddate'
Traceback (most recent call last):
  File "D:\Projects\pipelines\NewsAPI\.venv\lib\site-packages\pandas\core\indexes\base.py", line 3805, in get_loc
    return self._engine.get_loc(casted_key)
  File "index.pyx", line 167, in pandas._libs.index.IndexEngine.get_loc
  File "index.pyx", line 196, in pandas._libs.index.IndexEngine.get_loc
  File "pandas\\_libs\\hashtable_class_helper.pxi", line 7081, in pandas._libs.hashtable.PyObjectHashTable.get_item
  File "pandas\\_libs\\hashtable_class_helper.pxi", line 7089, in pandas._libs.hashtable.PyObjectHashTable.get_item
KeyError: 'publisheddate'

The above exception was the direct cause of the following exception:

Traceback (most recent call last):
  File "D:\Projects\pipelines\NewsAPI\transform.py", line 20, in transform_data
    df['publisheddate'] = pd.to_datetime(df['publisheddate'], errors='coerce')
  File "D:\Projects\pipelines\NewsAPI\.venv\lib\site-packages\pandas\core\frame.py", line 4102, in __getitem__
    indexer = self.columns.get_loc(key)
  File "D:\Projects\pipelines\NewsAPI\.venv\lib\site-packages\pandas\core\indexes\base.py", line 3812, in get_loc
    raise KeyError(key) from err
KeyError: 'publisheddate'
2025-04-30 01:54:41,169 - transform - INFO - Data transformation started.
2025-04-30 01:54:41,173 - transform - ERROR - Problem has occured during transformation: 'publisheddate'
Traceback (most recent call last):
  File "D:\Projects\pipelines\NewsAPI\.venv\lib\site-packages\pandas\core\indexes\base.py", line 3805, in get_loc
    return self._engine.get_loc(casted_key)
  File "index.pyx", line 167, in pandas._libs.index.IndexEngine.get_loc
  File "index.pyx", line 196, in pandas._libs.index.IndexEngine.get_loc
  File "pandas\\_libs\\hashtable_class_helper.pxi", line 7081, in pandas._libs.hashtable.PyObjectHashTable.get_item
  File "pandas\\_libs\\hashtable_class_helper.pxi", line 7089, in pandas._libs.hashtable.PyObjectHashTable.get_item
KeyError: 'publisheddate'

The above exception was the direct cause of the following exception:

Traceback (most recent call last):
  File "D:\Projects\pipelines\NewsAPI\transform.py", line 20, in transform_data
    df['publisheddate'] = pd.to_datetime(df['publisheddate'], errors='coerce')
  File "D:\Projects\pipelines\NewsAPI\.venv\lib\site-packages\pandas\core\frame.py", line 4102, in __getitem__
    indexer = self.columns.get_loc(key)
  File "D:\Projects\pipelines\NewsAPI\.venv\lib\site-packages\pandas\core\indexes\base.py", line 3812, in get_loc
    raise KeyError(key) from err
KeyError: 'publisheddate'
2025-04-30 01:55:37,106 - transform - INFO - Data transformation started.
2025-04-30 01:55:37,123 - transform - INFO - Data transformation finished successfully.
2025-04-30 01:56:14,841 - transform - INFO - Data transformation started.
2025-04-30 01:56:14,850 - transform - INFO - Data transformation finished successfully.
2025-04-30 01:56:32,134 - transform - INFO - Data transformation started.
2025-04-30 01:56:32,141 - transform - INFO - Data transformation finished successfully.
2025-04-30 04:18:51,223 - transform - INFO - Data transformation started.
2025-04-30 04:20:54,414 - transform - INFO - Data transformation started.
2025-04-30 04:21:22,559 - transform - INFO - Data transformation started.
2025-04-30 04:21:22,559 - transform - WARNING - No data to transform.
2025-04-30 04:22:41,867 - transform - INFO - Data transformation started.
2025-04-30 04:22:41,867 - transform - WARNING - No data to transform.
2025-04-30 04:24:24,973 - transform - INFO - Data transformation started.
2025-04-30 04:24:24,981 - transform - INFO - Data transformation finished successfully.
2025-04-30 04:25:20,286 - transform - INFO - Data transformation started.
2025-04-30 04:25:20,293 - transform - INFO - Data transformation finished successfully.
2025-04-30 04:37:19,303 - transform - INFO - Data transformation started.
2025-04-30 04:37:19,311 - transform - INFO - Data transformation finished successfully.
2025-04-30 04:50:51,977 - transform - INFO - Data transformation started.
2025-04-30 04:50:51,986 - transform - INFO - Data transformation finished successfully.
2025-04-30 04:53:28,302 - transform - INFO - Data transformation started.
2025-04-30 04:53:28,314 - transform - INFO - Data transformation finished successfully.
2025-04-30 04:57:21,982 - transform - INFO - Data transformation started.
2025-04-30 04:57:21,993 - transform - INFO - Data transformation finished successfully.
2025-04-30 05:41:15,107 - transform - INFO - Data transformation started.
2025-04-30 05:41:15,117 - transform - INFO - Data transformation finished successfully.
2025-04-30 05:42:20,445 - transform - INFO - Data transformation started.
2025-04-30 05:42:20,457 - transform - INFO - Data transformation finished successfully.
2025-04-30 05:43:30,803 - transform - INFO - Data transformation started.
2025-04-30 05:43:30,811 - transform - INFO - Data transformation finished successfully.
2025-04-30 05:52:15,086 - transform - INFO - Data transformation started.
2025-04-30 05:52:15,098 - transform - INFO - Data transformation finished successfully.
2025-04-30 05:52:51,549 - transform - INFO - Data transformation started.
2025-04-30 05:52:51,556 - transform - INFO - Data transformation finished successfully.
2025-04-30 17:46:10,041 - transform - INFO - Data transformation started.
2025-04-30 17:46:10,060 - transform - INFO - Data transformation finished successfully.
2025-04-30 17:46:49,489 - transform - INFO - Data transformation started.
2025-04-30 17:46:49,497 - transform - INFO - Data transformation finished successfully.
2025-04-30 17:47:45,643 - transform - INFO - Data transformation started.
2025-04-30 17:47:45,651 - transform - INFO - Data transformation finished successfully.
2025-04-30 17:53:52,678 - transform - INFO - Data transformation started.
2025-04-30 17:53:52,687 - transform - INFO - Data transformation finished successfully.
2025-04-30 17:56:56,782 - transform - INFO - Data transformation started.
2025-04-30 17:56:56,789 - transform - INFO - Data transformation finished successfully.
